Build started 2/15/2015 6:59:31 PM.
     1>Project "D:\Develop\iGaia-Mesh-Exporter-3d-Max\Exporter\iGaiaMeshExporter\ie3D-Exporter.vcxproj" on node 2 (Build target(s)).
     1>ClCompile:
         C:\Program Files (x86)\Microsoft Visual Studio 11.0\VC\bin\CL.exe /c /I.\midl\Win32 /I"C:\Program Files\Autodesk\3ds Max 9 SDK\maxsdk\include" /I"C:\Program Files (x86)\Autodesk\3ds Max 9 SDK\maxsdk\include" /I"D:\Develop\iGaia-Mesh-Exporter-3d-Max\Exporter\iGaiaMeshExporter\Libraries" /ZI /nologo /W3 /WX- /Od /Oy- /D WIN32 /D _DEBUG /D _WINDOWS /D _USRDLL /D _CRT_SECURE_NO_DEPRECATE /D _CRT_NONSTDC_NO_DEPRECATE /D _SCL_SECURE_NO_DEPRECATE /D ISOLATION_AWARE_ENABLED=1 /D __ANIMATION__=1 /D _WINDLL /Gm- /EHa /RTC1 /MDd /GS /arch:SSE /fp:fast /Zc:wchar_t /Zc:forScope /Fo".\Debug\\" /Fd"C:\Program Files (x86)\Autodesk\3ds Max 9\plugins\ie3Danimation.dle.pdb" /Gd /TP /analyze- /FC /errorReport:prompt DllEntry.cpp ie3Dexporter.cpp Sources\CBone.cpp Sources\CMesh.cpp Sources\CSequence.cpp Sources\CSkeleton.cpp
         DllEntry.cpp
         ie3Dexporter.cpp
         CBone.cpp
         CMesh.cpp
         CSequence.cpp
         CSkeleton.cpp
         Generating Code...
     1>C:\Program Files (x86)\MSBuild\Microsoft.Cpp\v4.0\V110\Microsoft.CppBuild.targets(1137,5): warning MSB8012: TargetPath(D:\Develop\iGaia-Mesh-Exporter-3d-Max\Exporter\iGaiaMeshExporter\.\Debug\ie3Danimation.dle) does not match the Linker's OutputFile property value (C:\Program Files (x86)\Autodesk\3ds Max 9\plugins\ie3Danimation.dle). This may cause your project to build incorrectly. To correct this, please make sure that $(OutDir), $(TargetName) and $(TargetExt) property values match the value specified in %(Link.OutputFile).
       Link:
         C:\Program Files (x86)\Microsoft Visual Studio 11.0\VC\bin\link.exe /ERRORREPORT:PROMPT /OUT:"C:\Program Files (x86)\Autodesk\3ds Max 9\plugins\ie3Danimation.dle" /INCREMENTAL /NOLOGO /LIBPATH:"C:\Program Files\Autodesk\3ds Max 9 SDK\maxsdk\lib" /LIBPATH:"C:\Program Files (x86)\Autodesk\3ds Max 9 SDK\maxsdk\lib" odbc32.lib odbccp32.lib comctl32.lib core.lib geom.lib gfx.lib mesh.lib maxutil.lib maxscrpt.lib paramblk2.lib igame.lib kernel32.lib user32.lib gdi32.lib winspool.lib comdlg32.lib advapi32.lib shell32.lib ole32.lib oleaut32.lib uuid.lib odbc32.lib odbccp32.lib /NODEFAULTLIB:libcp.lib /NODEFAULTLIB:libci.lib /NODEFAULTLIB:msvcirt.lib /NODEFAULTLIB:libcmt.lib /NODEFAULTLIB:libcmtd.lib /NODEFAULTLIB:msvcrt.lib /DEF:".\ie3Danimation.def" /MANIFEST /MANIFESTUAC:"level='asInvoker' uiAccess='false'" /manifest:embed /DEBUG /PDB:"C:\Program Files (x86)\Autodesk\3ds Max 9\plugins\ie3Danimation.dle.pdb" /SUBSYSTEM:WINDOWS /TLBID:1 /BASE:"0x16860000" /DYNAMICBASE:NO /IMPLIB:".\Debug\ie3Danimation.lib" /MACHINE:X86 /SAFESEH   /DLL .\Debug\DllEntry.obj
         .\Debug\ie3Dexporter.obj
         .\Debug\CBone.obj
         .\Debug\CMesh.obj
         .\Debug\CSequence.obj
         .\Debug\CSkeleton.obj
         ie3D-Exporter.vcxproj -> D:\Develop\iGaia-Mesh-Exporter-3d-Max\Exporter\iGaiaMeshExporter\.\Debug\ie3Danimation.dle
     1>Done Building Project "D:\Develop\iGaia-Mesh-Exporter-3d-Max\Exporter\iGaiaMeshExporter\ie3D-Exporter.vcxproj" (Build target(s)).

Build succeeded.

Time Elapsed 00:00:16.41
