D:\DEVELOP\IGAIA-MESH-EXPORTER-3D-MAX\EXPORTER\IGAIAMESHEXPORTER\DEBUG\IGAIAMESHEXPORTER.OBJ
D:\DEVELOP\IGAIA-MESH-EXPORTER-3D-MAX\EXPORTER\IGAIAMESHEXPORTER\DEBUG\DLLENTRY.OBJ
C:\PROGRAM FILES (X86)\AUTODESK\3DS MAX 9\PLUGINS\IGAIAMESHEXPORTER.DLE.PDB
D:\DEVELOP\IGAIA-MESH-EXPORTER-3D-MAX\EXPORTER\IGAIAMESHEXPORTER\DEBUG\CSKELETON.OBJ
D:\DEVELOP\IGAIA-MESH-EXPORTER-3D-MAX\EXPORTER\IGAIAMESHEXPORTER\DEBUG\CSEQUENCE.OBJ
D:\DEVELOP\IGAIA-MESH-EXPORTER-3D-MAX\EXPORTER\IGAIAMESHEXPORTER\DEBUG\CMESH.OBJ
D:\DEVELOP\IGAIA-MESH-EXPORTER-3D-MAX\EXPORTER\IGAIAMESHEXPORTER\DEBUG\CBONE.OBJ
D:\Develop\iGaia-Mesh-Exporter-3d-Max\Exporter\iGaiaMeshExporter\Debug\iGaiaMeshExporter.lib
D:\Develop\iGaia-Mesh-Exporter-3d-Max\Exporter\iGaiaMeshExporter\Debug\iGaiaMeshExporter.exp
C:\PROGRAM FILES (X86)\AUTODESK\3DS MAX 9\PLUGINS\IGAIAMESHEXPORTER.ILK
C:\PROGRAM FILES (X86)\AUTODESK\3DS MAX 9\PLUGINS\IGAIAMESHEXPORTER.DLE
D:\DEVELOP\IGAIA-MESH-EXPORTER-3D-MAX\EXPORTER\IGAIAMESHEXPORTER\DEBUG\IGAIAMESHEXPORTER.RES
D:\Develop\iGaia-Mesh-Exporter-3d-Max\Exporter\iGaiaMeshExporter\Debug\CBone.obj
D:\Develop\iGaia-Mesh-Exporter-3d-Max\Exporter\iGaiaMeshExporter\Debug\CMesh.obj
D:\Develop\iGaia-Mesh-Exporter-3d-Max\Exporter\iGaiaMeshExporter\Debug\CSequence.obj
D:\Develop\iGaia-Mesh-Exporter-3d-Max\Exporter\iGaiaMeshExporter\Debug\CSkeleton.obj
D:\Develop\iGaia-Mesh-Exporter-3d-Max\Exporter\iGaiaMeshExporter\Debug\DllEntry.obj
D:\Develop\iGaia-Mesh-Exporter-3d-Max\Exporter\iGaiaMeshExporter\Debug\iGaiaMeshExporter.obj
D:\Develop\iGaia-Mesh-Exporter-3d-Max\Exporter\iGaiaMeshExporter\Debug\cl.command.1.tlog
D:\Develop\iGaia-Mesh-Exporter-3d-Max\Exporter\iGaiaMeshExporter\Debug\CL.read.1.tlog
D:\Develop\iGaia-Mesh-Exporter-3d-Max\Exporter\iGaiaMeshExporter\Debug\CL.write.1.tlog
D:\Develop\iGaia-Mesh-Exporter-3d-Max\Exporter\iGaiaMeshExporter\Debug\iGaiaMeshExporter.write.1.tlog
D:\Develop\iGaia-Mesh-Exporter-3d-Max\Exporter\iGaiaMeshExporter\Debug\link-cvtres.read.1.tlog
D:\Develop\iGaia-Mesh-Exporter-3d-Max\Exporter\iGaiaMeshExporter\Debug\link-cvtres.write.1.tlog
D:\Develop\iGaia-Mesh-Exporter-3d-Max\Exporter\iGaiaMeshExporter\Debug\link-rc.read.1.tlog
D:\Develop\iGaia-Mesh-Exporter-3d-Max\Exporter\iGaiaMeshExporter\Debug\link-rc.write.1.tlog
D:\Develop\iGaia-Mesh-Exporter-3d-Max\Exporter\iGaiaMeshExporter\Debug\link.1244-cvtres.read.1.tlog
D:\Develop\iGaia-Mesh-Exporter-3d-Max\Exporter\iGaiaMeshExporter\Debug\link.1244-cvtres.write.1.tlog
D:\Develop\iGaia-Mesh-Exporter-3d-Max\Exporter\iGaiaMeshExporter\Debug\link.1244-rc.read.1.tlog
D:\Develop\iGaia-Mesh-Exporter-3d-Max\Exporter\iGaiaMeshExporter\Debug\link.1244-rc.write.1.tlog
D:\Develop\iGaia-Mesh-Exporter-3d-Max\Exporter\iGaiaMeshExporter\Debug\link.1244.read.1.tlog
D:\Develop\iGaia-Mesh-Exporter-3d-Max\Exporter\iGaiaMeshExporter\Debug\link.1244.write.1.tlog
D:\Develop\iGaia-Mesh-Exporter-3d-Max\Exporter\iGaiaMeshExporter\Debug\link.2664-cvtres.read.1.tlog
D:\Develop\iGaia-Mesh-Exporter-3d-Max\Exporter\iGaiaMeshExporter\Debug\link.2664-cvtres.write.1.tlog
D:\Develop\iGaia-Mesh-Exporter-3d-Max\Exporter\iGaiaMeshExporter\Debug\link.2664-rc.read.1.tlog
D:\Develop\iGaia-Mesh-Exporter-3d-Max\Exporter\iGaiaMeshExporter\Debug\link.2664-rc.write.1.tlog
D:\Develop\iGaia-Mesh-Exporter-3d-Max\Exporter\iGaiaMeshExporter\Debug\link.2664.read.1.tlog
D:\Develop\iGaia-Mesh-Exporter-3d-Max\Exporter\iGaiaMeshExporter\Debug\link.2664.write.1.tlog
D:\Develop\iGaia-Mesh-Exporter-3d-Max\Exporter\iGaiaMeshExporter\Debug\link.3012-cvtres.read.1.tlog
D:\Develop\iGaia-Mesh-Exporter-3d-Max\Exporter\iGaiaMeshExporter\Debug\link.3012-cvtres.write.1.tlog
D:\Develop\iGaia-Mesh-Exporter-3d-Max\Exporter\iGaiaMeshExporter\Debug\link.3012-rc.read.1.tlog
D:\Develop\iGaia-Mesh-Exporter-3d-Max\Exporter\iGaiaMeshExporter\Debug\link.3012-rc.write.1.tlog
D:\Develop\iGaia-Mesh-Exporter-3d-Max\Exporter\iGaiaMeshExporter\Debug\link.3012.read.1.tlog
D:\Develop\iGaia-Mesh-Exporter-3d-Max\Exporter\iGaiaMeshExporter\Debug\link.3012.write.1.tlog
D:\Develop\iGaia-Mesh-Exporter-3d-Max\Exporter\iGaiaMeshExporter\Debug\link.3620-cvtres.read.1.tlog
D:\Develop\iGaia-Mesh-Exporter-3d-Max\Exporter\iGaiaMeshExporter\Debug\link.3620-cvtres.write.1.tlog
D:\Develop\iGaia-Mesh-Exporter-3d-Max\Exporter\iGaiaMeshExporter\Debug\link.3620-rc.read.1.tlog
D:\Develop\iGaia-Mesh-Exporter-3d-Max\Exporter\iGaiaMeshExporter\Debug\link.3620-rc.write.1.tlog
D:\Develop\iGaia-Mesh-Exporter-3d-Max\Exporter\iGaiaMeshExporter\Debug\link.3620.read.1.tlog
D:\Develop\iGaia-Mesh-Exporter-3d-Max\Exporter\iGaiaMeshExporter\Debug\link.3620.write.1.tlog
D:\Develop\iGaia-Mesh-Exporter-3d-Max\Exporter\iGaiaMeshExporter\Debug\link.4608-cvtres.read.1.tlog
D:\Develop\iGaia-Mesh-Exporter-3d-Max\Exporter\iGaiaMeshExporter\Debug\link.4608-cvtres.write.1.tlog
D:\Develop\iGaia-Mesh-Exporter-3d-Max\Exporter\iGaiaMeshExporter\Debug\link.4608-rc.read.1.tlog
D:\Develop\iGaia-Mesh-Exporter-3d-Max\Exporter\iGaiaMeshExporter\Debug\link.4608-rc.write.1.tlog
D:\Develop\iGaia-Mesh-Exporter-3d-Max\Exporter\iGaiaMeshExporter\Debug\link.4608.read.1.tlog
D:\Develop\iGaia-Mesh-Exporter-3d-Max\Exporter\iGaiaMeshExporter\Debug\link.4608.write.1.tlog
D:\Develop\iGaia-Mesh-Exporter-3d-Max\Exporter\iGaiaMeshExporter\Debug\link.5176-cvtres.read.1.tlog
D:\Develop\iGaia-Mesh-Exporter-3d-Max\Exporter\iGaiaMeshExporter\Debug\link.5176-cvtres.write.1.tlog
D:\Develop\iGaia-Mesh-Exporter-3d-Max\Exporter\iGaiaMeshExporter\Debug\link.5176-rc.read.1.tlog
D:\Develop\iGaia-Mesh-Exporter-3d-Max\Exporter\iGaiaMeshExporter\Debug\link.5176-rc.write.1.tlog
D:\Develop\iGaia-Mesh-Exporter-3d-Max\Exporter\iGaiaMeshExporter\Debug\link.5176.read.1.tlog
D:\Develop\iGaia-Mesh-Exporter-3d-Max\Exporter\iGaiaMeshExporter\Debug\link.5176.write.1.tlog
D:\Develop\iGaia-Mesh-Exporter-3d-Max\Exporter\iGaiaMeshExporter\Debug\link.5476-cvtres.read.1.tlog
D:\Develop\iGaia-Mesh-Exporter-3d-Max\Exporter\iGaiaMeshExporter\Debug\link.5476-cvtres.write.1.tlog
D:\Develop\iGaia-Mesh-Exporter-3d-Max\Exporter\iGaiaMeshExporter\Debug\link.5476-rc.read.1.tlog
D:\Develop\iGaia-Mesh-Exporter-3d-Max\Exporter\iGaiaMeshExporter\Debug\link.5476-rc.write.1.tlog
D:\Develop\iGaia-Mesh-Exporter-3d-Max\Exporter\iGaiaMeshExporter\Debug\link.5476.read.1.tlog
D:\Develop\iGaia-Mesh-Exporter-3d-Max\Exporter\iGaiaMeshExporter\Debug\link.5476.write.1.tlog
D:\Develop\iGaia-Mesh-Exporter-3d-Max\Exporter\iGaiaMeshExporter\Debug\link.6340-cvtres.read.1.tlog
D:\Develop\iGaia-Mesh-Exporter-3d-Max\Exporter\iGaiaMeshExporter\Debug\link.6340-cvtres.write.1.tlog
D:\Develop\iGaia-Mesh-Exporter-3d-Max\Exporter\iGaiaMeshExporter\Debug\link.6340-rc.read.1.tlog
D:\Develop\iGaia-Mesh-Exporter-3d-Max\Exporter\iGaiaMeshExporter\Debug\link.6340-rc.write.1.tlog
D:\Develop\iGaia-Mesh-Exporter-3d-Max\Exporter\iGaiaMeshExporter\Debug\link.6340.read.1.tlog
D:\Develop\iGaia-Mesh-Exporter-3d-Max\Exporter\iGaiaMeshExporter\Debug\link.6340.write.1.tlog
D:\Develop\iGaia-Mesh-Exporter-3d-Max\Exporter\iGaiaMeshExporter\Debug\link.6756-cvtres.read.1.tlog
D:\Develop\iGaia-Mesh-Exporter-3d-Max\Exporter\iGaiaMeshExporter\Debug\link.6756-cvtres.write.1.tlog
D:\Develop\iGaia-Mesh-Exporter-3d-Max\Exporter\iGaiaMeshExporter\Debug\link.6756-rc.read.1.tlog
D:\Develop\iGaia-Mesh-Exporter-3d-Max\Exporter\iGaiaMeshExporter\Debug\link.6756-rc.write.1.tlog
D:\Develop\iGaia-Mesh-Exporter-3d-Max\Exporter\iGaiaMeshExporter\Debug\link.6756.read.1.tlog
D:\Develop\iGaia-Mesh-Exporter-3d-Max\Exporter\iGaiaMeshExporter\Debug\link.6756.write.1.tlog
D:\Develop\iGaia-Mesh-Exporter-3d-Max\Exporter\iGaiaMeshExporter\Debug\link.872-cvtres.read.1.tlog
D:\Develop\iGaia-Mesh-Exporter-3d-Max\Exporter\iGaiaMeshExporter\Debug\link.872-cvtres.write.1.tlog
D:\Develop\iGaia-Mesh-Exporter-3d-Max\Exporter\iGaiaMeshExporter\Debug\link.872-rc.read.1.tlog
D:\Develop\iGaia-Mesh-Exporter-3d-Max\Exporter\iGaiaMeshExporter\Debug\link.872-rc.write.1.tlog
D:\Develop\iGaia-Mesh-Exporter-3d-Max\Exporter\iGaiaMeshExporter\Debug\link.872.read.1.tlog
D:\Develop\iGaia-Mesh-Exporter-3d-Max\Exporter\iGaiaMeshExporter\Debug\link.872.write.1.tlog
D:\Develop\iGaia-Mesh-Exporter-3d-Max\Exporter\iGaiaMeshExporter\Debug\link.command.1.tlog
D:\Develop\iGaia-Mesh-Exporter-3d-Max\Exporter\iGaiaMeshExporter\Debug\link.read.1.tlog
D:\Develop\iGaia-Mesh-Exporter-3d-Max\Exporter\iGaiaMeshExporter\Debug\link.write.1.tlog
D:\Develop\iGaia-Mesh-Exporter-3d-Max\Exporter\iGaiaMeshExporter\Debug\rc.command.1.tlog
D:\Develop\iGaia-Mesh-Exporter-3d-Max\Exporter\iGaiaMeshExporter\Debug\rc.read.1.tlog
D:\Develop\iGaia-Mesh-Exporter-3d-Max\Exporter\iGaiaMeshExporter\Debug\rc.write.1.tlog
D:\Develop\iGaia-Mesh-Exporter-3d-Max\Exporter\iGaiaMeshExporter\Debug\iGaiaMeshExporter.dle.embed.manifest
D:\Develop\iGaia-Mesh-Exporter-3d-Max\Exporter\iGaiaMeshExporter\Debug\iGaiaMeshExporter.dle.intermediate.manifest
D:\Develop\iGaia-Mesh-Exporter-3d-Max\Exporter\iGaiaMeshExporter\Debug\iGaiaMeshExporter.dle.embed.manifest.res
D:\Develop\iGaia-Mesh-Exporter-3d-Max\Exporter\iGaiaMeshExporter\Debug\iGaiaMeshExporter.res
